<?xml version="1.0" encoding="UTF-8"?>
<!-- Generated by org.testng.reporters.JUnitXMLReporter -->
<testsuite hostname="ITEM-AX31022" name="Regression1" tests="3" failures="0" timestamp="3 Jul 2017 14:40:25 GMT" time="37.414" errors="0">
  <testcase name="firstTestMethod" time="9.985" classname="com.dice.FirstTest"/>
  <testcase name="secondTestMethod" time="4.182" classname="com.dice.SecondTest"/>
  <testcase name="positiveLoginTest" time="13.322" classname="com.dice.LoginTest"/>
</testsuite> <!-- Regression1 -->
